[2026-04-06 03:00:02] ============================================================
[2026-04-06 03:00:02] ALGORYA - Inicio de sincronizacion de catalogo
[2026-04-06 03:00:02] ============================================================
[2026-04-06 03:00:02] Conectando con FakeStoreAPI...
[2026-04-06 03:00:02] AVISO: FakeStoreAPI devolvio respuesta invalida. Continuando con otras fuentes...
[2026-04-06 03:00:02] Activando API de respaldo (Platzi Fake Store)...
[2026-04-06 03:00:02] API respaldo: 20 productos obtenidos.
[2026-04-06 03:00:02] Conectando con DummyJSON...
[2026-04-06 03:00:04] DummyJSON: 76 productos obtenidos.
[2026-04-06 03:00:04] Total productos obtenidos de todas las fuentes: 96
[2026-04-06 03:00:04] Limpiando productos de API anteriores (datos nuevos confirmados)...
[2026-04-06 03:00:04]   -> Registros BD eliminados : 77
[2026-04-06 03:00:04]   -> Imagenes fisicas borradas: 77
[2026-04-06 03:00:04] Calculando puntuaciones de tendencia (trend_score)...
[2026-04-06 03:00:04] Productos con trend_score >= 70 (DESTACADOS): 4
[2026-04-06 03:00:04] Iniciando insercion/actualizacion en MariaDB...
[2026-04-06 03:00:06] ------------------------------------------------------------
[2026-04-06 03:00:06] SINCRONIZACION COMPLETADA:
[2026-04-06 03:00:06]   -> Productos nuevos insertados : 77
[2026-04-06 03:00:06]   -> Productos actualizados      : 19
[2026-04-06 03:00:06]   -> Errores                     : 0
[2026-04-06 03:00:06]   -> Total productos en catalogo : 127
[2026-04-06 03:00:06]   -> Productos DESTACADOS        : 5
[2026-04-06 03:00:06]   -> Paginas en el catalogo      : 11 (a 12 productos/pagina)
[2026-04-06 03:00:06] ============================================================
[2026-04-06 03:00:06] Fin de sincronizacion.
