[2026-04-12 03:00:01] ============================================================
[2026-04-12 03:00:01] ALGORYA - Inicio de sincronizacion de catalogo
[2026-04-12 03:00:01] ============================================================
[2026-04-12 03:00:01] Conectando con DummyJSON (fuente principal)...
[2026-04-12 03:00:03] DummyJSON: 96 productos obtenidos.
[2026-04-12 03:00:03] Total productos obtenidos de todas las fuentes: 96
[2026-04-12 03:00:03] Limpiando productos de API anteriores (datos nuevos confirmados)...
[2026-04-12 03:00:03]   -> Registros BD ocultados (con ventas): 0
[2026-04-12 03:00:03]   -> Registros BD eliminados (sin ventas): 91
[2026-04-12 03:00:03]   -> Imagenes fisicas borradas: 91
[2026-04-12 03:00:03] Calculando puntuaciones de tendencia (trend_score)...
[2026-04-12 03:00:03] Productos con trend_score >= 70 (DESTACADOS): 3
[2026-04-12 03:00:03] Iniciando insercion/actualizacion en MariaDB...
[2026-04-12 03:00:37] ------------------------------------------------------------
[2026-04-12 03:00:37] SINCRONIZACION COMPLETADA:
[2026-04-12 03:00:37]   -> Productos nuevos insertados : 91
[2026-04-12 03:00:37]   -> Productos actualizados      : 5
[2026-04-12 03:00:37]   -> Errores                     : 0
[2026-04-12 03:00:37]   -> Total productos en catalogo : 97
[2026-04-12 03:00:37]   -> Productos DESTACADOS        : 3
[2026-04-12 03:00:37]   -> Paginas en el catalogo      : 9 (a 12 productos/pagina)
[2026-04-12 03:00:37] ============================================================
[2026-04-12 03:00:37] Fin de sincronizacion.
