[2026-04-03 03:00:01] ============================================================
[2026-04-03 03:00:01] ALGORYA - Inicio de sincronizacion de catalogo
[2026-04-03 03:00:01] ============================================================
[2026-04-03 03:00:01] Conectando con FakeStoreAPI...
[2026-04-03 03:00:01] AVISO: FakeStoreAPI devolvio respuesta invalida. Continuando con otras fuentes...
[2026-04-03 03:00:01] Activando API de respaldo (Platzi Fake Store)...
[2026-04-03 03:00:02] API respaldo: 20 productos obtenidos.
[2026-04-03 03:00:02] Conectando con DummyJSON...
[2026-04-03 03:00:03] DummyJSON: 76 productos obtenidos.
[2026-04-03 03:00:03] Total productos obtenidos de todas las fuentes: 96
[2026-04-03 03:00:03] Limpiando productos de API anteriores (datos nuevos confirmados)...
[2026-04-03 03:00:03]   -> Registros BD eliminados : 93
[2026-04-03 03:00:03]   -> Imagenes fisicas borradas: 82
[2026-04-03 03:00:03] Calculando puntuaciones de tendencia (trend_score)...
[2026-04-03 03:00:03] Productos con trend_score >= 70 (DESTACADOS): 2
[2026-04-03 03:00:03] Iniciando insercion/actualizacion en MariaDB...
[2026-04-03 03:00:07] ------------------------------------------------------------
[2026-04-03 03:00:07] SINCRONIZACION COMPLETADA:
[2026-04-03 03:00:07]   -> Productos nuevos insertados : 96
[2026-04-03 03:00:07]   -> Productos actualizados      : 0
[2026-04-03 03:00:07]   -> Errores                     : 0
[2026-04-03 03:00:07]   -> Total productos en catalogo : 146
[2026-04-03 03:00:07]   -> Productos DESTACADOS        : 11
[2026-04-03 03:00:07]   -> Paginas en el catalogo      : 13 (a 12 productos/pagina)
[2026-04-03 03:00:07] ============================================================
[2026-04-03 03:00:07] Fin de sincronizacion.
